<?xml version="1.0" encoding="UTF-8"?>
<!-- Generated by org.testng.reporters.JUnitReportReporter -->
<testsuite hostname="henrys-MacBook-Pro.local" name="testNg.TestDependency" tests="2" failures="0" timestamp="19 Sep 2014 02:42:23 GMT" time="0.002" errors="0">
  <testcase name="testSalutationMessage" time="0.001" classname="testNg.TestDependency"/>
  <testcase name="initEnvironmentTest" time="0.001" classname="testNg.TestDependency"/>
</testsuite> <!-- testNg.TestDependency -->
