<?xml version="1.0" encoding="UTF-8"?>
<!-- Generated by org.testng.reporters.JUnitReportReporter -->
<testsuite hostname="henrys-MacBook-Pro.local" name="testNg.CalculatorTestNg" tests="1" failures="0" timestamp="19 Sep 2014 02:42:23 GMT" time="0.006" errors="0">
  <testcase name="testAdd" time="0.006" classname="testNg.CalculatorTestNg"/>
</testsuite> <!-- testNg.CalculatorTestNg -->
