<?xml version="1.0" encoding="UTF-8"?>
<!-- Generated by org.testng.reporters.JUnitReportReporter -->
<testsuite hostname="henrys-MacBook-Pro.local" name="testNg.TestingTestNgLifeCycle" tests="2" failures="0" timestamp="19 Sep 2014 02:42:23 GMT" time="0.003" errors="0">
  <testcase name="testCase1" time="0.001" classname="testNg.TestingTestNgLifeCycle"/>
  <testcase name="Case2" time="0.002" classname="testNg.TestingTestNgLifeCycle"/>
</testsuite> <!-- testNg.TestingTestNgLifeCycle -->
