<?xml version="1.0" encoding="UTF-8"?>
<!-- Generated by org.testng.reporters.JUnitReportReporter -->
<testsuite hostname="henrys-MacBook-Pro.local" name="testNg.ParamTestWithDataProvider1" tests="13" failures="0" timestamp="19 Sep 2014 02:42:23 GMT" time="0.016" errors="0">
  <testcase name="testAdd" time="0.002" classname="testNg.ParamTestWithDataProvider1"/>
  <testcase name="testPrimeNumberChecker" time="0.001" classname="testNg.ParamTestWithDataProvider1"/>
  <testcase name="testAdd" time="0.001" classname="testNg.ParamTestWithDataProvider1"/>
  <testcase name="testAdd" time="0.001" classname="testNg.ParamTestWithDataProvider1"/>
  <testcase name="testPrimeNumberChecker" time="0.001" classname="testNg.ParamTestWithDataProvider1"/>
  <testcase name="testPrimeNumberChecker" time="0.001" classname="testNg.ParamTestWithDataProvider1"/>
  <testcase name="testSub" time="0.001" classname="testNg.ParamTestWithDataProvider1"/>
  <testcase name="testSub" time="0.001" classname="testNg.ParamTestWithDataProvider1"/>
  <testcase name="testAdd" time="0.001" classname="testNg.ParamTestWithDataProvider1"/>
  <testcase name="testSub" time="0.000" classname="testNg.ParamTestWithDataProvider1"/>
  <testcase name="testPrimeNumberChecker" time="0.003" classname="testNg.ParamTestWithDataProvider1"/>
  <testcase name="testPrimeNumberChecker" time="0.001" classname="testNg.ParamTestWithDataProvider1"/>
  <testcase name="testAdd" time="0.002" classname="testNg.ParamTestWithDataProvider1"/>
</testsuite> <!-- testNg.ParamTestWithDataProvider1 -->
