<?xml version="1.0" encoding="UTF-8"?>
<!-- Generated by org.testng.reporters.JUnitReportReporter -->
<testsuite hostname="henrys-MacBook-Pro.local" name="testNg.TestNGSimpleTest" tests="12" failures="0" timestamp="19 Sep 2014 02:42:23 GMT" time="0.011" errors="0">
  <testcase name="testInvocationTest" time="0.006" classname="testNg.TestNGSimpleTest"/>
  <testcase name="testPercentageTest" time="0.000" classname="testNg.TestNGSimpleTest"/>
  <testcase name="testPercentageTest" time="0.000" classname="testNg.TestNGSimpleTest"/>
  <testcase name="testPercentageTest" time="0.000" classname="testNg.TestNGSimpleTest"/>
  <testcase name="testPercentageTest" time="0.000" classname="testNg.TestNGSimpleTest"/>
  <testcase name="testMsg" time="0.001" classname="testNg.TestNGSimpleTest"/>
  <testcase name="testPercentageTest" time="0.001" classname="testNg.TestNGSimpleTest"/>
  <testcase name="testPercentageTest" time="0.001" classname="testNg.TestNGSimpleTest"/>
  <testcase name="testPercentageTest" time="0.001" classname="testNg.TestNGSimpleTest"/>
  <testcase name="testNullPointerException" time="0.001" classname="testNg.TestNGSimpleTest"/>
  <testcase name="testPercentageTest" time="0.000" classname="testNg.TestNGSimpleTest"/>
  <testcase name="testPercentageTest" time="0.000" classname="testNg.TestNGSimpleTest"/>
</testsuite> <!-- testNg.TestNGSimpleTest -->
