<?xml version="1.0" encoding="UTF-8"?>
<!-- Generated by org.testng.reporters.JUnitReportReporter -->
<testsuite hostname="henrys-MacBook-Pro.local" name="testNg.FruitTest" tests="2" failures="0" timestamp="19 Sep 2014 02:42:23 GMT" time="0.001" errors="0">
  <testcase name="appleNameTest" time="0.000" classname="testNg.FruitTest"/>
  <testcase name="fruitNameTest" time="0.001" classname="testNg.FruitTest"/>
</testsuite> <!-- testNg.FruitTest -->
